#! /usr/bin/vvp
:ivl_version "10.3 (stable)";
:ivl_delay_selection "TYPICAL";
:vpi_time_precision + 0;
:vpi_module "system";
:vpi_module "vhdl_sys";
:vpi_module "v2005_math";
:vpi_module "va_math";
S_0x55fd538660d0 .scope module, "test" "test" 2 1;
 .timescale 0 0;
P_0x55fd53866250 .param/l "N" 0 2 3, +C4<00000000000000000000000000000100>;
v0x55fd538b3260_0 .var "address", 3 0;
v0x55fd538b3340_0 .var "clk", 0 0;
v0x55fd538b3410_0 .var "in", 3 0;
v0x55fd538b3510_0 .net "out", 3 0, L_0x55fd53866530;  1 drivers
v0x55fd538b35e0_0 .var "we", 0 0;
S_0x55fd5389e300 .scope module, "memoria" "mem" 2 9, 3 1 0, S_0x55fd538660d0;
 .timescale 0 0;
    .port_info 0 /OUTPUT 4 "out"
    .port_info 1 /INPUT 4 "in"
    .port_info 2 /INPUT 4 "address"
    .port_info 3 /INPUT 1 "we"
    .port_info 4 /INPUT 1 "clk"
P_0x55fd5389e4d0 .param/l "N" 0 3 3, +C4<00000000000000000000000000000100>;
L_0x55fd53866530 .functor BUFZ 4, L_0x55fd538b3680, C4<0000>, C4<0000>, C4<0000>;
v0x55fd5389e5d0_0 .net *"_s0", 3 0, L_0x55fd538b3680;  1 drivers
v0x55fd538b29e0_0 .net *"_s2", 5 0, L_0x55fd538b3780;  1 drivers
L_0x7f060d68c018 .functor BUFT 1, C4<00>, C4<0>, C4<0>, C4<0>;
v0x55fd538b2ac0_0 .net *"_s5", 1 0, L_0x7f060d68c018;  1 drivers
v0x55fd538b2bb0_0 .net "address", 3 0, v0x55fd538b3260_0;  1 drivers
v0x55fd538b2c90_0 .net "clk", 0 0, v0x55fd538b3340_0;  1 drivers
v0x55fd538b2da0_0 .var/i "i", 31 0;
v0x55fd538b2e80_0 .net "in", 3 0, v0x55fd538b3410_0;  1 drivers
v0x55fd538b2f60 .array "m", 15 0, 3 0;
v0x55fd538b3020_0 .net "out", 3 0, L_0x55fd53866530;  alias, 1 drivers
v0x55fd538b3100_0 .net "we", 0 0, v0x55fd538b35e0_0;  1 drivers
E_0x55fd538a0440 .event posedge, v0x55fd538b2c90_0;
L_0x55fd538b3680 .array/port v0x55fd538b2f60, L_0x55fd538b3780;
L_0x55fd538b3780 .concat [ 4 2 0 0], v0x55fd538b3260_0, L_0x7f060d68c018;
    .scope S_0x55fd5389e300;
T_0 ;
    %pushi/vec4 0, 0, 32;
    %store/vec4 v0x55fd538b2da0_0, 0, 32;
T_0.0 ;
    %load/vec4 v0x55fd538b2da0_0;
    %cmpi/s 16, 0, 32;
    %jmp/0xz T_0.1, 5;
    %pushi/vec4 0, 0, 4;
    %ix/getv/s 4, v0x55fd538b2da0_0;
    %store/vec4a v0x55fd538b2f60, 4, 0;
    %load/vec4 v0x55fd538b2da0_0;
    %pushi/vec4 1, 0, 32;
    %add;
    %store/vec4 v0x55fd538b2da0_0, 0, 32;
    %jmp T_0.0;
T_0.1 ;
    %end;
    .thread T_0;
    .scope S_0x55fd5389e300;
T_1 ;
    %wait E_0x55fd538a0440;
    %load/vec4 v0x55fd538b3100_0;
    %pad/u 32;
    %cmpi/e 1, 0, 32;
    %jmp/0xz  T_1.0, 4;
    %load/vec4 v0x55fd538b2e80_0;
    %load/vec4 v0x55fd538b2bb0_0;
    %pad/u 6;
    %ix/vec4 4;
    %store/vec4a v0x55fd538b2f60, 4, 0;
T_1.0 ;
    %jmp T_1;
    .thread T_1;
    .scope S_0x55fd538660d0;
T_2 ;
    %delay 1, 0;
    %load/vec4 v0x55fd538b3340_0;
    %inv;
    %store/vec4 v0x55fd538b3340_0, 0, 1;
    %jmp T_2;
    .thread T_2;
    .scope S_0x55fd538660d0;
T_3 ;
    %vpi_call 2 18 "$dumpfile", "f_replica.vcd" {0 0 0};
    %vpi_call 2 19 "$dumpvars" {0 0 0};
    %pushi/vec4 0, 0, 1;
    %store/vec4 v0x55fd538b3340_0, 0, 1;
    %pushi/vec4 0, 0, 1;
    %store/vec4 v0x55fd538b35e0_0, 0, 1;
    %delay 1, 0;
    %pushi/vec4 1, 0, 1;
    %store/vec4 v0x55fd538b35e0_0, 0, 1;
    %pushi/vec4 3, 0, 4;
    %store/vec4 v0x55fd538b3260_0, 0, 4;
    %pushi/vec4 8, 0, 4;
    %store/vec4 v0x55fd538b3410_0, 0, 4;
    %delay 2, 0;
    %pushi/vec4 0, 0, 1;
    %store/vec4 v0x55fd538b35e0_0, 0, 1;
    %pushi/vec4 3, 0, 4;
    %store/vec4 v0x55fd538b3260_0, 0, 4;
    %pushi/vec4 15, 0, 4;
    %store/vec4 v0x55fd538b3410_0, 0, 4;
    %delay 1, 0;
    %pushi/vec4 1, 0, 1;
    %store/vec4 v0x55fd538b35e0_0, 0, 1;
    %pushi/vec4 3, 0, 4;
    %store/vec4 v0x55fd538b3260_0, 0, 4;
    %pushi/vec4 8, 0, 4;
    %store/vec4 v0x55fd538b3410_0, 0, 4;
    %vpi_call 2 39 "$finish" {0 0 0};
    %end;
    .thread T_3;
# The file index is used to find the file name in the following table.
:file_names 4;
    "N/A";
    "<interactive>";
    "test_replica.v";
    "replicam.v";
